<?xml version="1.0" encoding="UTF-8"?>
<!-- Generated by org.testng.reporters.JUnitReportReporter -->
<testsuite hostname="sg-lt-170" name="JiraTestLink.LibraryTest" tests="1" failures="0" timestamp="8 Apr 2019 16:57:22 GMT" time="0.914" errors="0">
  <testcase name="verifyTestLinkResultsUpdated" time="0.914" classname="JiraTestLink.LibraryTest"/>
</testsuite> <!-- JiraTestLink.LibraryTest -->
